d:\users\l533\desktop\21 aug\week 2\sp_1\sp1framework\debug\vc140.pdb
d:\users\l533\desktop\21 aug\week 2\sp_1\sp1framework\debug\vc140.idb
d:\users\l533\desktop\21 aug\week 2\sp_1\sp1framework\debug\collidablecomponent.obj
d:\users\l533\desktop\21 aug\week 2\sp_1\sp1framework\debug\component.obj
d:\users\l533\desktop\21 aug\week 2\sp_1\sp1framework\debug\console.obj
d:\users\l533\desktop\21 aug\week 2\sp_1\sp1framework\debug\timer.obj
d:\users\l533\desktop\21 aug\week 2\sp_1\sp1framework\debug\game.obj
d:\users\l533\desktop\21 aug\week 2\sp_1\sp1framework\debug\gameobject.obj
d:\users\l533\desktop\21 aug\week 2\sp_1\sp1framework\debug\grid.obj
d:\users\l533\desktop\21 aug\week 2\sp_1\sp1framework\debug\logiccomponent.obj
d:\users\l533\desktop\21 aug\week 2\sp_1\sp1framework\debug\main.obj
d:\users\l533\desktop\21 aug\week 2\sp_1\sp1framework\debug\manager.obj
d:\users\l533\desktop\21 aug\week 2\sp_1\sp1framework\debug\movingplatform.obj
d:\users\l533\desktop\21 aug\week 2\sp_1\sp1framework\debug\patrolcomponent.obj
d:\users\l533\desktop\21 aug\week 2\sp_1\sp1framework\debug\player.obj
d:\users\l533\desktop\21 aug\week 2\sp_1\sp1framework\debug\portal.obj
d:\users\l533\desktop\21 aug\week 2\sp_1\sp1framework\debug\rendercomponent.obj
d:\users\l533\desktop\21 aug\week 2\sp_1\sp1framework\debug\wall.obj
d:\users\l533\desktop\21 aug - copy\week 2\sp_1\sp1framework\debug\vc140.pdb
d:\users\l533\desktop\21 aug - copy\week 2\sp_1\sp1framework\debug\vc140.idb
d:\users\l533\desktop\21 aug - copy\week 2\sp_1\sp1framework\debug\collidablecomponent.obj
d:\users\l533\desktop\21 aug - copy\week 2\sp_1\sp1framework\debug\component.obj
d:\users\l533\desktop\21 aug - copy\week 2\sp_1\sp1framework\debug\console.obj
d:\users\l533\desktop\21 aug - copy\week 2\sp_1\sp1framework\debug\timer.obj
d:\users\l533\desktop\21 aug - copy\week 2\sp_1\sp1framework\debug\game.obj
d:\users\l533\desktop\21 aug - copy\week 2\sp_1\sp1framework\debug\gameobject.obj
d:\users\l533\desktop\21 aug - copy\week 2\sp_1\sp1framework\debug\grid.obj
d:\users\l533\desktop\21 aug - copy\week 2\sp_1\sp1framework\debug\logiccomponent.obj
d:\users\l533\desktop\21 aug - copy\week 2\sp_1\sp1framework\debug\main.obj
d:\users\l533\desktop\21 aug - copy\week 2\sp_1\sp1framework\debug\manager.obj
d:\users\l533\desktop\21 aug - copy\week 2\sp_1\sp1framework\debug\movingplatform.obj
d:\users\l533\desktop\21 aug - copy\week 2\sp_1\sp1framework\debug\patrolcomponent.obj
d:\users\l533\desktop\21 aug - copy\week 2\sp_1\sp1framework\debug\player.obj
d:\users\l533\desktop\21 aug - copy\week 2\sp_1\sp1framework\debug\portal.obj
d:\users\l533\desktop\21 aug - copy\week 2\sp_1\sp1framework\debug\rendercomponent.obj
d:\users\l533\desktop\21 aug - copy\week 2\sp_1\sp1framework\debug\wall.obj
d:\users\l533\desktop\21 aug\week 2\sp_1\debug\sp1framework.ilk
d:\users\l533\desktop\21 aug\week 2\sp_1\debug\sp1framework.exe
d:\users\l533\desktop\21 aug\week 2\sp_1\debug\sp1framework.pdb
d:\users\l533\desktop\21 aug - copy\week 2\sp_1\debug\sp1framework.ilk
d:\users\l533\desktop\21 aug - copy\week 2\sp_1\debug\sp1framework.exe
d:\users\l533\desktop\21 aug - copy\week 2\sp_1\debug\sp1framework.pdb
d:\users\l533\desktop\21 aug - copy\week 2\sp_1\sp1framework\debug\player.obj.enc
d:\users\l533\desktop\21 aug - copy\week 2\sp_1\sp1framework\debug\sp1framework.tlog\cl.command.1.tlog
d:\users\l533\desktop\21 aug - copy\week 2\sp_1\sp1framework\debug\sp1framework.tlog\cl.read.1.tlog
d:\users\l533\desktop\21 aug - copy\week 2\sp_1\sp1framework\debug\sp1framework.tlog\cl.write.1.tlog
d:\users\l533\desktop\21 aug - copy\week 2\sp_1\sp1framework\debug\sp1framework.tlog\link.command.1.tlog
d:\users\l533\desktop\21 aug - copy\week 2\sp_1\sp1framework\debug\sp1framework.tlog\link.read.1.tlog
d:\users\l533\desktop\21 aug - copy\week 2\sp_1\sp1framework\debug\sp1framework.tlog\link.write.1.tlog
